<?xml version="1.0" encoding="UTF-8"?>
<!-- Generated by org.testng.reporters.JUnitXMLReporter -->
<testsuite ignored="0" hostname="SkyFallPc" failures="3" tests="5" name="Test" time="35.434" errors="0" timestamp="2023-08-02T19:15:48 IST">
  <testcase classname="com.EbankTestcases.TC3_LoginDDTest" name="LoginExcelDD" time="6.386"/>
  <testcase classname="com.EbankTestcases.TC3_LoginDDTest" name="LoginExcelDD" time="4.074">
    <failure type="java.lang.AssertionError" message="expected [false] but found [true]">
      <![CDATA[java.lang.AssertionError: expected [false] but found [true]
at com.EbankTestcases.TC3_LoginDDTest.LoginExcelDD(TC3_LoginDDTest.java:39)
at java.base/java.util.ArrayList.forEach(ArrayList.java:1511)
... Removed 31 stack frames]]>
    </failure>
  </testcase> <!-- LoginExcelDD -->
  <testcase classname="com.EbankTestcases.TC3_LoginDDTest" name="LoginExcelDD" time="4.04">
    <failure type="java.lang.AssertionError" message="expected [false] but found [true]">
      <![CDATA[java.lang.AssertionError: expected [false] but found [true]
at com.EbankTestcases.TC3_LoginDDTest.LoginExcelDD(TC3_LoginDDTest.java:39)
at java.base/java.util.ArrayList.forEach(ArrayList.java:1511)
... Removed 31 stack frames]]>
    </failure>
  </testcase> <!-- LoginExcelDD -->
  <testcase classname="com.EbankTestcases.TC3_LoginDDTest" name="LoginExcelDD" time="6.808"/>
  <testcase classname="com.EbankTestcases.TC3_LoginDDTest" name="LoginExcelDD" time="3.61">
    <failure type="java.lang.AssertionError" message="expected [false] but found [true]">
      <![CDATA[java.lang.AssertionError: expected [false] but found [true]
at com.EbankTestcases.TC3_LoginDDTest.LoginExcelDD(TC3_LoginDDTest.java:39)
at java.base/java.util.ArrayList.forEach(ArrayList.java:1511)
... Removed 31 stack frames]]>
    </failure>
  </testcase> <!-- LoginExcelDD -->
</testsuite> <!-- Test -->
