<?xml version="1.0" encoding="UTF-8"?>
<testng-results ignored="0" total="1" passed="1" failed="0" skipped="0">
  <reporter-output>
  </reporter-output>
  <suite started-at="2023-08-10T18:53:34 IST" name="Suite" finished-at="2023-08-10T18:53:49 IST" duration-ms="14399">
    <groups>
    </groups>
    <test started-at="2023-08-10T18:53:34 IST" name="Test" finished-at="2023-08-10T18:53:49 IST" duration-ms="14399">
      <class name="com.EbankTestcases.TC1_LoginTest">
        <test-method is-config="true" signature="setUp(java.lang.String)[pri:0, instance:com.EbankTestcases.TC1_LoginTest@3feb2dda]" started-at="2023-08-10T18:53:34 IST" name="setUp" finished-at="2023-08-10T18:53:47 IST" duration-ms="12310" status="PASS">
          <params>
            <param index="0">
              <value>
                <![CDATA[chrome]]>
              </value>
            </param>
          </params>
          <reporter-output>
          </reporter-output>
        </test-method> <!-- setUp -->
        <test-method signature="LoginTest()[pri:0, instance:com.EbankTestcases.TC1_LoginTest@3feb2dda]" started-at="2023-08-10T18:53:47 IST" name="LoginTest" finished-at="2023-08-10T18:53:48 IST" duration-ms="1716" status="PASS">
          <reporter-output>
          </reporter-output>
        </test-method> <!-- LoginTest -->
        <test-method is-config="true" signature="tearDown()[pri:0, instance:com.EbankTestcases.TC1_LoginTest@3feb2dda]" started-at="2023-08-10T18:53:48 IST" name="tearDown" finished-at="2023-08-10T18:53:49 IST" duration-ms="319" status="PASS">
          <reporter-output>
          </reporter-output>
        </test-method> <!-- tearDown -->
      </class> <!-- com.EbankTestcases.TC1_LoginTest -->
    </test> <!-- Test -->
  </suite> <!-- Suite -->
</testng-results>
