<?xml version="1.0" encoding="UTF-8"?>
<testng-results ignored="0" total="4" passed="3" failed="1" skipped="0">
  <reporter-output>
  </reporter-output>
  <suite started-at="2023-08-06T12:23:17 IST" name="Default suite" finished-at="2023-08-06T12:24:30 IST" duration-ms="72543">
    <groups>
    </groups>
    <test started-at="2023-08-06T12:23:17 IST" name="Default test" finished-at="2023-08-06T12:24:30 IST" duration-ms="72543">
      <class name="com.EbankTestcases.TC4_AddCust">
        <test-method is-config="true" signature="setUp()[pri:0, instance:com.EbankTestcases.TC4_AddCust@3eb25e1a]" started-at="2023-08-06T12:23:17 IST" name="setUp" finished-at="2023-08-06T12:23:43 IST" duration-ms="26267" status="PASS">
          <reporter-output>
          </reporter-output>
        </test-method> <!-- setUp -->
        <test-method signature="addCustomer(java.lang.String,java.lang.String,java.lang.String,java.lang.String,java.lang.String,java.lang.String,java.lang.String,java.lang.String,java.lang.String,java.lang.String)[pri:0, instance:com.EbankTestcases.TC4_AddCust@3eb25e1a]" started-at="2023-08-06T12:23:54 IST" name="addCustomer" data-provider="customerdata" finished-at="2023-08-06T12:24:07 IST" duration-ms="13240" status="PASS">
          <params>
            <param index="0">
              <value>
                <![CDATA[Dileep kumar]]>
              </value>
            </param>
            <param index="1">
              <value>
                <![CDATA[Male]]>
              </value>
            </param>
            <param index="2">
              <value>
                <![CDATA[10/15/02]]>
              </value>
            </param>
            <param index="3">
              <value>
                <![CDATA[vepagunta]]>
              </value>
            </param>
            <param index="4">
              <value>
                <![CDATA[Vizag]]>
              </value>
            </param>
            <param index="5">
              <value>
                <![CDATA[AndraPradesh]]>
              </value>
            </param>
            <param index="6">
              <value>
                <![CDATA[530047]]>
              </value>
            </param>
            <param index="7">
              <value>
                <![CDATA[9575957515]]>
              </value>
            </param>
            <param index="8">
              <value>
                <![CDATA[diliptester@gmail.com]]>
              </value>
            </param>
            <param index="9">
              <value>
                <![CDATA[password456]]>
              </value>
            </param>
          </params>
          <reporter-output>
          </reporter-output>
        </test-method> <!-- addCustomer -->
        <test-method signature="addCustomer(java.lang.String,java.lang.String,java.lang.String,java.lang.String,java.lang.String,java.lang.String,java.lang.String,java.lang.String,java.lang.String,java.lang.String)[pri:0, instance:com.EbankTestcases.TC4_AddCust@3eb25e1a]" started-at="2023-08-06T12:24:07 IST" name="addCustomer" data-provider="customerdata" finished-at="2023-08-06T12:24:15 IST" duration-ms="8358" status="PASS">
          <params>
            <param index="0">
              <value>
                <![CDATA[surya kumari]]>
              </value>
            </param>
            <param index="1">
              <value>
                <![CDATA[Female]]>
              </value>
            </param>
            <param index="2">
              <value>
                <![CDATA[12/10/72]]>
              </value>
            </param>
            <param index="3">
              <value>
                <![CDATA[tirumala]]>
              </value>
            </param>
            <param index="4">
              <value>
                <![CDATA[Tirupathi]]>
              </value>
            </param>
            <param index="5">
              <value>
                <![CDATA[Chittor]]>
              </value>
            </param>
            <param index="6">
              <value>
                <![CDATA[500048]]>
              </value>
            </param>
            <param index="7">
              <value>
                <![CDATA[9573629288]]>
              </value>
            </param>
            <param index="8">
              <value>
                <![CDATA[kumaritester@gmail.com]]>
              </value>
            </param>
            <param index="9">
              <value>
                <![CDATA[password789]]>
              </value>
            </param>
          </params>
          <reporter-output>
          </reporter-output>
        </test-method> <!-- addCustomer -->
        <test-method signature="addCustomer(java.lang.String,java.lang.String,java.lang.String,java.lang.String,java.lang.String,java.lang.String,java.lang.String,java.lang.String,java.lang.String,java.lang.String)[pri:0, instance:com.EbankTestcases.TC4_AddCust@3eb25e1a]" started-at="2023-08-06T12:24:15 IST" name="addCustomer" data-provider="customerdata" finished-at="2023-08-06T12:24:21 IST" duration-ms="5875" status="FAIL">
          <params>
            <param index="0">
              <value>
                <![CDATA[Anuradha]]>
              </value>
            </param>
            <param index="1">
              <value>
                <![CDATA[Female]]>
              </value>
            </param>
            <param index="2">
              <value>
                <![CDATA[6/10/76]]>
              </value>
            </param>
            <param index="3">
              <value>
                <![CDATA[chiralapost]]>
              </value>
            </param>
            <param index="4">
              <value>
                <![CDATA[chirala]]>
              </value>
            </param>
            <param index="5">
              <value>
                <![CDATA[Guntur]]>
              </value>
            </param>
            <param index="6">
              <value>
                <![CDATA[500045]]>
              </value>
            </param>
            <param index="7">
              <value>
                <![CDATA[8556556565]]>
              </value>
            </param>
            <param index="8">
              <value>
                <![CDATA[radha@gmail.com]]>
              </value>
            </param>
            <param index="9">
              <value>
                <![CDATA[password957]]>
              </value>
            </param>
          </params>
          <exception class="org.openqa.selenium.UnhandledAlertException">
            <message>
              <![CDATA[unexpected alert open: {Alert text : Email Address Already Exist !!}
  (Session info: chrome=115.0.5790.111): Email Address Already Exist !!
Build info: version: '4.10.0', revision: 'c14d967899'
System info: os.name: 'Windows 10', os.arch: 'amd64', os.version: '10.0', java.version: '17.0.1'
Driver info: org.openqa.selenium.chrome.ChromeDriver
Command: [c85d2e9cc6bbf691860e85c060440975, findElement {using=xpath, value=//p[@class='heading3']}]
Capabilities {acceptInsecureCerts: false, browserName: chrome, browserVersion: 115.0.5790.111, chrome: {chromedriverVersion: 115.0.5790.102 (90efd4b0ad6..., userDataDir: C:\Users\home\AppData\Local...}, goog:chromeOptions: {debuggerAddress: localhost:62295}, networkConnectionEnabled: false, pageLoadStrategy: normal, platformName: windows, proxy: Proxy(), se:cdp: ws://localhost:62295/devtoo..., se:cdpVersion: 115.0.5790.111, setWindowRect: true, strictFileInteractability: false, timeouts: {implicit: 0, pageLoad: 300000, script: 30000}, unhandledPromptBehavior: dismiss and notify, webauthn:extension:credBlob: true, webauthn:extension:largeBlob: true, webauthn:extension:minPinLength: true, webauthn:extension:prf: true, webauthn:virtualAuthenticators: true}
Session ID: c85d2e9cc6bbf691860e85c060440975]]>
            </message>
            <full-stacktrace>
              <![CDATA[org.openqa.selenium.UnhandledAlertException: unexpected alert open: {Alert text : Email Address Already Exist !!}
  (Session info: chrome=115.0.5790.111): Email Address Already Exist !!
Build info: version: '4.10.0', revision: 'c14d967899'
System info: os.name: 'Windows 10', os.arch: 'amd64', os.version: '10.0', java.version: '17.0.1'
Driver info: org.openqa.selenium.chrome.ChromeDriver
Command: [c85d2e9cc6bbf691860e85c060440975, findElement {using=xpath, value=//p[@class='heading3']}]
Capabilities {acceptInsecureCerts: false, browserName: chrome, browserVersion: 115.0.5790.111, chrome: {chromedriverVersion: 115.0.5790.102 (90efd4b0ad6..., userDataDir: C:\Users\home\AppData\Local...}, goog:chromeOptions: {debuggerAddress: localhost:62295}, networkConnectionEnabled: false, pageLoadStrategy: normal, platformName: windows, proxy: Proxy(), se:cdp: ws://localhost:62295/devtoo..., se:cdpVersion: 115.0.5790.111, setWindowRect: true, strictFileInteractability: false, timeouts: {implicit: 0, pageLoad: 300000, script: 30000}, unhandledPromptBehavior: dismiss and notify, webauthn:extension:credBlob: true, webauthn:extension:largeBlob: true, webauthn:extension:minPinLength: true, webauthn:extension:prf: true, webauthn:virtualAuthenticators: true}
Session ID: c85d2e9cc6bbf691860e85c060440975
at org.openqa.selenium.remote.codec.w3c.W3CHttpResponseCodec.decode(W3CHttpResponseCodec.java:130)
at org.openqa.selenium.remote.codec.w3c.W3CHttpResponseCodec.decode(W3CHttpResponseCodec.java:51)
at org.openqa.selenium.remote.HttpCommandExecutor.execute(HttpCommandExecutor.java:191)
at org.openqa.selenium.remote.service.DriverCommandExecutor.invokeExecute(DriverCommandExecutor.java:196)
at org.openqa.selenium.remote.service.DriverCommandExecutor.execute(DriverCommandExecutor.java:171)
at org.openqa.selenium.remote.RemoteWebDriver.execute(RemoteWebDriver.java:531)
at org.openqa.selenium.remote.ElementLocation$ElementFinder$2.findElement(ElementLocation.java:165)
at org.openqa.selenium.remote.ElementLocation.findElement(ElementLocation.java:59)
at org.openqa.selenium.remote.RemoteWebDriver.findElement(RemoteWebDriver.java:350)
at org.openqa.selenium.remote.RemoteWebDriver.findElement(RemoteWebDriver.java:344)
at org.openqa.selenium.support.pagefactory.DefaultElementLocator.findElement(DefaultElementLocator.java:68)
at org.openqa.selenium.support.pagefactory.internal.LocatingElementHandler.invoke(LocatingElementHandler.java:38)
at jdk.proxy2/jdk.proxy2.$Proxy19.getText(Unknown Source)
at com.EbankPageObjects.CustAddSuccPage.addCustSuccess(CustAddSuccPage.java:25)
at com.EbankTestcases.TC4_AddCust.addCustomer(TC4_AddCust.java:32)
at java.base/jdk.internal.reflect.NativeMethodAccessorImpl.invoke0(Native Method)
at java.base/jdk.internal.reflect.NativeMethodAccessorImpl.invoke(NativeMethodAccessorImpl.java:77)
at java.base/jdk.internal.reflect.DelegatingMethodAccessorImpl.invoke(DelegatingMethodAccessorImpl.java:43)
at java.base/java.lang.reflect.Method.invoke(Method.java:568)
at org.testng.internal.invokers.MethodInvocationHelper.invokeMethod(MethodInvocationHelper.java:139)
at org.testng.internal.invokers.TestInvoker.invokeMethod(TestInvoker.java:677)
at org.testng.internal.invokers.TestInvoker.invokeTestMethod(TestInvoker.java:221)
at org.testng.internal.invokers.MethodRunner.runInSequence(MethodRunner.java:50)
at org.testng.internal.invokers.TestInvoker$MethodInvocationAgent.invoke(TestInvoker.java:969)
at org.testng.internal.invokers.TestInvoker.invokeTestMethods(TestInvoker.java:194)
at org.testng.internal.invokers.TestMethodWorker.invokeTestMethods(TestMethodWorker.java:148)
at org.testng.internal.invokers.TestMethodWorker.run(TestMethodWorker.java:128)
at java.base/java.util.ArrayList.forEach(ArrayList.java:1511)
at org.testng.TestRunner.privateRun(TestRunner.java:829)
at org.testng.TestRunner.run(TestRunner.java:602)
at org.testng.SuiteRunner.runTest(SuiteRunner.java:437)
at org.testng.SuiteRunner.runSequentially(SuiteRunner.java:431)
at org.testng.SuiteRunner.privateRun(SuiteRunner.java:391)
at org.testng.SuiteRunner.run(SuiteRunner.java:330)
at org.testng.SuiteRunnerWorker.runSuite(SuiteRunnerWorker.java:52)
at org.testng.SuiteRunnerWorker.run(SuiteRunnerWorker.java:95)
at org.testng.TestNG.runSuitesSequentially(TestNG.java:1256)
at org.testng.TestNG.runSuitesLocally(TestNG.java:1176)
at org.testng.TestNG.runSuites(TestNG.java:1099)
at org.testng.TestNG.run(TestNG.java:1067)
at org.testng.remote.AbstractRemoteTestNG.run(AbstractRemoteTestNG.java:115)
at org.testng.remote.RemoteTestNG.initAndRun(RemoteTestNG.java:251)
at org.testng.remote.RemoteTestNG.main(RemoteTestNG.java:77)
]]>
            </full-stacktrace>
          </exception> <!-- org.openqa.selenium.UnhandledAlertException -->
          <reporter-output>
          </reporter-output>
        </test-method> <!-- addCustomer -->
        <test-method signature="addCustomer(java.lang.String,java.lang.String,java.lang.String,java.lang.String,java.lang.String,java.lang.String,java.lang.String,java.lang.String,java.lang.String,java.lang.String)[pri:0, instance:com.EbankTestcases.TC4_AddCust@3eb25e1a]" started-at="2023-08-06T12:24:21 IST" name="addCustomer" data-provider="customerdata" finished-at="2023-08-06T12:24:29 IST" duration-ms="7544" status="PASS">
          <params>
            <param index="0">
              <value>
                <![CDATA[Srinvas Rao]]>
              </value>
            </param>
            <param index="1">
              <value>
                <![CDATA[Male]]>
              </value>
            </param>
            <param index="2">
              <value>
                <![CDATA[4/10/64]]>
              </value>
            </param>
            <param index="3">
              <value>
                <![CDATA[varalakshminagara]]>
              </value>
            </param>
            <param index="4">
              <value>
                <![CDATA[Vizag]]>
              </value>
            </param>
            <param index="5">
              <value>
                <![CDATA[AndraPradesh]]>
              </value>
            </param>
            <param index="6">
              <value>
                <![CDATA[530047]]>
              </value>
            </param>
            <param index="7">
              <value>
                <![CDATA[9052103264]]>
              </value>
            </param>
            <param index="8">
              <value>
                <![CDATA[srini@gmail.com]]>
              </value>
            </param>
            <param index="9">
              <value>
                <![CDATA[password123124]]>
              </value>
            </param>
          </params>
          <reporter-output>
          </reporter-output>
        </test-method> <!-- addCustomer -->
        <test-method is-config="true" signature="tearDown()[pri:0, instance:com.EbankTestcases.TC4_AddCust@3eb25e1a]" started-at="2023-08-06T12:24:29 IST" name="tearDown" finished-at="2023-08-06T12:24:30 IST" duration-ms="775" status="PASS">
          <reporter-output>
          </reporter-output>
        </test-method> <!-- tearDown -->
      </class> <!-- com.EbankTestcases.TC4_AddCust -->
    </test> <!-- Default test -->
  </suite> <!-- Default suite -->
</testng-results>
