<?xml version="1.0" encoding="UTF-8"?>
<testng-results ignored="0" total="1" passed="1" failed="0" skipped="0">
  <reporter-output>
  </reporter-output>
  <suite started-at="2023-08-10T18:52:24 IST" name="Suite" finished-at="2023-08-10T18:52:36 IST" duration-ms="12603">
    <groups>
    </groups>
    <test started-at="2023-08-10T18:52:24 IST" name="Test" finished-at="2023-08-10T18:52:36 IST" duration-ms="12603">
      <class name="com.EbankTestcases.TC1_LoginTest">
        <test-method is-config="true" signature="setUp(java.lang.String)[pri:0, instance:com.EbankTestcases.TC1_LoginTest@24959ca4]" started-at="2023-08-10T18:52:24 IST" name="setUp" finished-at="2023-08-10T18:52:34 IST" duration-ms="9828" status="PASS">
          <params>
            <param index="0">
              <value>
                <![CDATA[chrome]]>
              </value>
            </param>
          </params>
          <reporter-output>
          </reporter-output>
        </test-method> <!-- setUp -->
        <test-method signature="LoginTest()[pri:0, instance:com.EbankTestcases.TC1_LoginTest@24959ca4]" started-at="2023-08-10T18:52:34 IST" name="LoginTest" finished-at="2023-08-10T18:52:36 IST" duration-ms="2186" status="PASS">
          <reporter-output>
          </reporter-output>
        </test-method> <!-- LoginTest -->
        <test-method is-config="true" signature="tearDown()[pri:0, instance:com.EbankTestcases.TC1_LoginTest@24959ca4]" started-at="2023-08-10T18:52:36 IST" name="tearDown" finished-at="2023-08-10T18:52:36 IST" duration-ms="399" status="PASS">
          <reporter-output>
          </reporter-output>
        </test-method> <!-- tearDown -->
      </class> <!-- com.EbankTestcases.TC1_LoginTest -->
    </test> <!-- Test -->
  </suite> <!-- Suite -->
</testng-results>
